 INFO 2025-04-24 14:41:19,209 basehttp 11576 18564 "POST /org/auth/register/ HTTP/1.1" 201 50
INFO 2025-04-24 14:41:43,255 basehttp 11576 18564 "OPTIONS /org/auth/login/ HTTP/1.1" 200 0
INFO 2025-04-24 14:41:44,123 basehttp 11576 18564 "POST /org/auth/login/ HTTP/1.1" 200 483
INFO 2025-04-24 15:31:59,634 autoreload 11576 9964 C:\Users\roshan.mishra_jadegl\Documents\Project\backend\organization\models.py changed, reloading.
INFO 2025-04-24 15:32:01,131 autoreload 10632 16908 Watching for file changes with StatReloader
INFO 2025-04-24 15:33:45,720 autoreload 10632 16908 C:\Users\roshan.mishra_jadegl\Documents\Project\backend\organization\models.py changed, reloading.
INFO 2025-04-24 15:33:46,811 autoreload 10972 2708 Watching for file changes with StatReloader
INFO 2025-04-24 16:50:02,220 autoreload 10972 2708 C:\Users\roshan.mishra_jadegl\Documents\Project\backend\backend\urls.py changed, reloading.
INFO 2025-04-24 16:50:03,354 autoreload 18984 16764 Watching for file changes with StatReloader
INFO 2025-04-24 16:50:06,339 autoreload 18984 16764 C:\Users\roshan.mishra_jadegl\Documents\Project\backend\organization\urls.py changed, reloading.
INFO 2025-04-24 16:50:07,210 autoreload 12376 2924 Watching for file changes with StatReloader
INFO 2025-04-24 16:51:08,829 autoreload 12376 2924 C:\Users\roshan.mishra_jadegl\Documents\Project\backend\organization\models.py changed, reloading.
INFO 2025-04-24 16:51:09,737 autoreload 10160 2972 Watching for file changes with StatReloader
INFO 2025-04-24 16:51:15,777 autoreload 10160 2972 C:\Users\roshan.mishra_jadegl\Documents\Project\backend\organization\models.py changed, reloading.
INFO 2025-04-24 16:51:16,792 autoreload 12968 19264 Watching for file changes with StatReloader
INFO 2025-04-24 17:18:33,878 autoreload 12968 19264 C:\Users\roshan.mishra_jadegl\Documents\Project\backend\organization\models.py changed, reloading.
INFO 2025-04-24 17:18:35,266 autoreload 9176 1836 Watching for file changes with StatReloader
INFO 2025-04-24 17:19:25,437 autoreload 9176 1836 C:\Users\roshan.mishra_jadegl\Documents\Project\backend\organization\serializers.py changed, reloading.
INFO 2025-04-24 17:19:26,631 autoreload 13624 2484 Watching for file changes with StatReloader
INFO 2025-04-24 17:24:21,920 autoreload 13624 2484 C:\Users\roshan.mishra_jadegl\Documents\Project\backend\organization\views.py changed, reloading.
INFO 2025-04-24 17:24:23,057 autoreload 2380 17844 Watching for file changes with StatReloader
INFO 2025-04-24 17:35:26,308 autoreload 2380 17844 C:\Users\roshan.mishra_jadegl\Documents\Project\backend\organization\views.py changed, reloading.
INFO 2025-04-24 17:35:27,481 autoreload 15904 13668 Watching for file changes with StatReloader
INFO 2025-04-24 17:37:01,010 autoreload 15904 13668 C:\Users\roshan.mishra_jadegl\Documents\Project\backend\organization\serializers.py changed, reloading.
INFO 2025-04-24 17:37:02,066 autoreload 15780 15840 Watching for file changes with StatReloader
INFO 2025-04-24 17:39:49,115 autoreload 15780 15840 C:\Users\roshan.mishra_jadegl\Documents\Project\backend\organization\urls.py changed, reloading.
INFO 2025-04-24 17:39:50,171 autoreload 19100 10528 Watching for file changes with StatReloader
INFO 2025-04-24 17:40:04,276 autoreload 19100 10528 C:\Users\roshan.mishra_jadegl\Documents\Project\backend\organization\urls.py changed, reloading.
INFO 2025-04-24 17:40:05,518 autoreload 13096 17652 Watching for file changes with StatReloader
INFO 2025-04-24 17:43:27,738 autoreload 7572 11656 Watching for file changes with StatReloader
WARNING 2025-04-24 17:43:32,590 log 7572 19296 Bad Request: /user/user-login/
WARNING 2025-04-24 17:43:32,592 basehttp 7572 19296 "POST /user/user-login/ HTTP/1.1" 400 32
WARNING 2025-04-24 17:45:31,177 log 7572 12104 Unauthorized: /org/auth/campaigns/
WARNING 2025-04-24 17:45:31,179 basehttp 7572 12104 "POST /org/auth/campaigns/ HTTP/1.1" 401 58
INFO 2025-04-24 17:46:26,848 autoreload 13096 17652 C:\Users\roshan.mishra_jadegl\Documents\Project\backend\organization\views.py changed, reloading.
INFO 2025-04-24 17:46:27,282 autoreload 7572 11656 C:\Users\roshan.mishra_jadegl\Documents\Project\backend\organization\views.py changed, reloading.
INFO 2025-04-24 17:46:28,091 autoreload 16408 10816 Watching for file changes with StatReloader
INFO 2025-04-24 17:46:28,552 autoreload 2432 16488 Watching for file changes with StatReloader
WARNING 2025-04-24 17:46:30,092 log 16408 13636 Bad Request: /org/auth/campaigns/
WARNING 2025-04-24 17:46:30,093 basehttp 16408 13636 "POST /org/auth/campaigns/ HTTP/1.1" 400 44
WARNING 2025-04-24 17:47:08,723 log 16408 16916 Bad Request: /org/auth/campaigns/
WARNING 2025-04-24 17:47:08,724 basehttp 16408 16916 "POST /org/auth/campaigns/ HTTP/1.1" 400 82
WARNING 2025-04-25 09:47:58,731 log 16408 14584 Bad Request: /org/auth/campaigns/
WARNING 2025-04-25 09:47:58,732 basehttp 16408 14584 "POST /org/auth/campaigns/ HTTP/1.1" 400 82
WARNING 2025-04-25 09:48:47,701 log 16408 18376 Bad Request: /org/auth/campaigns/
WARNING 2025-04-25 09:48:47,702 basehttp 16408 18376 "POST /org/auth/campaigns/ HTTP/1.1" 400 69
ERROR 2025-04-25 09:49:09,103 log 16408 6604 Internal Server Error: /org/auth/campaigns/
Traceback (most recent call last):
  File "C:\Users\roshan.mishra_jadegl\AppData\Local\Packages\PythonSoftwareFoundation.Python.3.13_qbz5n2kfra8p0\LocalCache\local-packages\Python313\site-packages\django\core\handlers\exception.py", line 55, in inner
    response = get_response(request)
  File "C:\Users\roshan.mishra_jadegl\AppData\Local\Packages\PythonSoftwareFoundation.Python.3.13_qbz5n2kfra8p0\LocalCache\local-packages\Python313\site-packages\django\core\handlers\base.py", line 197, in _get_response
    response = wrapped_callback(request, *callback_args, **callback_kwargs)
  File "C:\Users\roshan.mishra_jadegl\AppData\Local\Packages\PythonSoftwareFoundation.Python.3.13_qbz5n2kfra8p0\LocalCache\local-packages\Python313\site-packages\django\views\decorators\csrf.py", line 65, in _view_wrapper
    return view_func(request, *args, **kwargs)
  File "C:\Users\roshan.mishra_jadegl\AppData\Local\Packages\PythonSoftwareFoundation.Python.3.13_qbz5n2kfra8p0\LocalCache\local-packages\Python313\site-packages\rest_framework\viewsets.py", line 125, in view
    return self.dispatch(request, *args, **kwargs)
           ~~~~~~~~~~~~~^^^^^^^^^^^^^^^^^^^^^^^^^^
  File "C:\Users\roshan.mishra_jadegl\AppData\Local\Packages\PythonSoftwareFoundation.Python.3.13_qbz5n2kfra8p0\LocalCache\local-packages\Python313\site-packages\rest_framework\views.py", line 515, in dispatch
    response = self.handle_exception(exc)
  File "C:\Users\roshan.mishra_jadegl\AppData\Local\Packages\PythonSoftwareFoundation.Python.3.13_qbz5n2kfra8p0\LocalCache\local-packages\Python313\site-packages\rest_framework\views.py", line 475, in handle_exception
    self.raise_uncaught_exception(exc)
    ~~~~~~~~~~~~~~~~~~~~~~~~~~~~~^^^^^
  File "C:\Users\roshan.mishra_jadegl\AppData\Local\Packages\PythonSoftwareFoundation.Python.3.13_qbz5n2kfra8p0\LocalCache\local-packages\Python313\site-packages\rest_framework\views.py", line 486, in raise_uncaught_exception
    raise exc
  File "C:\Users\roshan.mishra_jadegl\AppData\Local\Packages\PythonSoftwareFoundation.Python.3.13_qbz5n2kfra8p0\LocalCache\local-packages\Python313\site-packages\rest_framework\views.py", line 512, in dispatch
    response = handler(request, *args, **kwargs)
  File "C:\Users\roshan.mishra_jadegl\AppData\Local\Packages\PythonSoftwareFoundation.Python.3.13_qbz5n2kfra8p0\LocalCache\local-packages\Python313\site-packages\rest_framework\mixins.py", line 19, in create
    self.perform_create(serializer)
    ~~~~~~~~~~~~~~~~~~~^^^^^^^^^^^^
  File "C:\Users\roshan.mishra_jadegl\Documents\Project\backend\organization\views.py", line 52, in perform_create
    user_email = self.request.user.email
                 ^^^^^^^^^^^^^^^^^^^^^^^
AttributeError: 'AnonymousUser' object has no attribute 'email'
ERROR 2025-04-25 09:49:09,113 basehttp 16408 6604 "POST /org/auth/campaigns/ HTTP/1.1" 500 102444
ERROR 2025-04-25 10:22:38,058 log 16408 16260 Internal Server Error: /org/auth/login
Traceback (most recent call last):
  File "C:\Users\roshan.mishra_jadegl\AppData\Local\Packages\PythonSoftwareFoundation.Python.3.13_qbz5n2kfra8p0\LocalCache\local-packages\Python313\site-packages\django\core\handlers\exception.py", line 55, in inner
    response = get_response(request)
  File "C:\Users\roshan.mishra_jadegl\AppData\Local\Packages\PythonSoftwareFoundation.Python.3.13_qbz5n2kfra8p0\LocalCache\local-packages\Python313\site-packages\django\utils\deprecation.py", line 122, in __call__
    response = self.process_response(request, response)
  File "C:\Users\roshan.mishra_jadegl\AppData\Local\Packages\PythonSoftwareFoundation.Python.3.13_qbz5n2kfra8p0\LocalCache\local-packages\Python313\site-packages\django\middleware\common.py", line 108, in process_response
    return self.response_redirect_class(self.get_full_path_with_slash(request))
                                        ~~~~~~~~~~~~~~~~~~~~~~~~~~~~~^^^^^^^^^
  File "C:\Users\roshan.mishra_jadegl\AppData\Local\Packages\PythonSoftwareFoundation.Python.3.13_qbz5n2kfra8p0\LocalCache\local-packages\Python313\site-packages\django\middleware\common.py", line 87, in get_full_path_with_slash
    raise RuntimeError(
    ...<9 lines>...
    )
RuntimeError: You called this URL via POST, but the URL doesn't end in a slash and you have APPEND_SLASH set. Django can't redirect to the slash URL while maintaining POST data. Change your form to point to 127.0.0.1:8000/org/auth/login/ (note the trailing slash), or set APPEND_SLASH=False in your Django settings.
ERROR 2025-04-25 10:22:38,064 basehttp 16408 16260 "POST /org/auth/login HTTP/1.1" 500 71646
WARNING 2025-04-25 10:22:55,281 log 16408 3868 Bad Request: /org/auth/login/
WARNING 2025-04-25 10:22:55,282 basehttp 16408 3868 "POST /org/auth/login/ HTTP/1.1" 400 32
WARNING 2025-04-25 10:23:08,191 log 16408 22224 Bad Request: /org/auth/login/
WARNING 2025-04-25 10:23:08,191 basehttp 16408 22224 "POST /org/auth/login/ HTTP/1.1" 400 32
WARNING 2025-04-25 10:23:34,331 log 16408 16492 Bad Request: /org/auth/login/
WARNING 2025-04-25 10:23:34,332 basehttp 16408 16492 "POST /org/auth/login/ HTTP/1.1" 400 32
INFO 2025-04-25 10:23:40,498 basehttp 16408 9552 "POST /org/auth/login/ HTTP/1.1" 200 483
WARNING 2025-04-25 10:27:22,531 log 16408 14588 Method Not Allowed: /campaigns/
WARNING 2025-04-25 10:27:22,532 basehttp 16408 14588 "POST /campaigns/ HTTP/1.1" 405 41
INFO 2025-04-25 10:30:12,193 autoreload 16408 10816 C:\Users\roshan.mishra_jadegl\Documents\Project\backend\backend\urls.py changed, reloading.
INFO 2025-04-25 10:30:12,219 autoreload 2432 16488 C:\Users\roshan.mishra_jadegl\Documents\Project\backend\backend\urls.py changed, reloading.
INFO 2025-04-25 10:30:13,746 autoreload 10312 10016 Watching for file changes with StatReloader
INFO 2025-04-25 10:30:31,321 autoreload 10312 10016 C:\Users\roshan.mishra_jadegl\Documents\Project\backend\organization\urls.py changed, reloading.
INFO 2025-04-25 10:30:31,324 autoreload 17448 18936 C:\Users\roshan.mishra_jadegl\Documents\Project\backend\organization\urls.py changed, reloading.
INFO 2025-04-25 10:30:32,338 autoreload 11336 10788 Watching for file changes with StatReloader
INFO 2025-04-25 10:30:32,338 autoreload 19484 19848 Watching for file changes with StatReloader
WARNING 2025-04-25 10:30:41,590 log 11336 10448 Unauthorized: /org/auth/campaigns/
WARNING 2025-04-25 10:30:41,592 basehttp 11336 10448 "POST /org/auth/campaigns/ HTTP/1.1" 401 172
WARNING 2025-04-25 10:31:55,587 log 11336 17632 Unauthorized: /org/auth/login/
WARNING 2025-04-25 10:31:55,588 basehttp 11336 17632 "POST /org/auth/login/ HTTP/1.1" 401 172
WARNING 2025-04-25 10:31:58,460 log 11336 20092 Unauthorized: /org/auth/login/
WARNING 2025-04-25 10:31:58,461 basehttp 11336 20092 "POST /org/auth/login/ HTTP/1.1" 401 172
WARNING 2025-04-25 10:31:59,091 log 11336 1972 Unauthorized: /org/auth/login/
WARNING 2025-04-25 10:31:59,092 basehttp 11336 1972 "POST /org/auth/login/ HTTP/1.1" 401 172
WARNING 2025-04-25 10:32:11,605 log 11336 2384 Unauthorized: /org/auth/login/
WARNING 2025-04-25 10:32:11,606 basehttp 11336 2384 "POST /org/auth/login/ HTTP/1.1" 401 172
WARNING 2025-04-25 10:32:11,786 log 11336 15492 Unauthorized: /org/auth/login/
WARNING 2025-04-25 10:32:11,787 basehttp 11336 15492 "POST /org/auth/login/ HTTP/1.1" 401 172
WARNING 2025-04-25 10:32:12,142 log 11336 7248 Unauthorized: /org/auth/login/
WARNING 2025-04-25 10:32:12,143 basehttp 11336 7248 "POST /org/auth/login/ HTTP/1.1" 401 172
INFO 2025-04-25 10:32:24,627 autoreload 18124 19936 Watching for file changes with StatReloader
WARNING 2025-04-25 10:32:27,603 log 11336 7292 Unauthorized: /org/auth/login/
WARNING 2025-04-25 10:32:27,604 basehttp 11336 7292 "POST /org/auth/login/ HTTP/1.1" 401 172
WARNING 2025-04-25 10:32:31,219 log 11336 19896 Unauthorized: /org/auth/login/
WARNING 2025-04-25 10:32:31,220 basehttp 11336 19896 "POST /org/auth/login/ HTTP/1.1" 401 172
WARNING 2025-04-25 10:32:54,339 log 11336 17812 Unauthorized: /org/auth/login/
WARNING 2025-04-25 10:32:54,340 basehttp 11336 17812 "POST /org/auth/login/ HTTP/1.1" 401 172
INFO 2025-04-25 10:37:04,996 autoreload 5288 4464 Watching for file changes with StatReloader
WARNING 2025-04-25 10:37:27,696 log 5288 11584 Unauthorized: /org/auth/login/
WARNING 2025-04-25 10:37:27,697 basehttp 5288 11584 "POST /org/auth/login/ HTTP/1.1" 401 172
WARNING 2025-04-25 10:38:03,250 log 5288 16376 Unauthorized: /org/auth/login/
WARNING 2025-04-25 10:38:03,251 basehttp 5288 16376 "POST /org/auth/login/ HTTP/1.1" 401 172
INFO 2025-04-25 10:38:24,695 autoreload 5288 4464 C:\Users\roshan.mishra_jadegl\Documents\Project\backend\organization\urls.py changed, reloading.
INFO 2025-04-25 10:38:26,128 autoreload 17024 11544 Watching for file changes with StatReloader
WARNING 2025-04-25 10:39:06,418 log 17024 5784 Unauthorized: /org/auth/login/
WARNING 2025-04-25 10:39:06,419 basehttp 17024 5784 "POST /org/auth/login/ HTTP/1.1" 401 172
WARNING 2025-04-25 10:39:07,203 log 17024 7532 Unauthorized: /org/auth/login/
WARNING 2025-04-25 10:39:07,204 basehttp 17024 7532 "POST /org/auth/login/ HTTP/1.1" 401 172
WARNING 2025-04-25 10:39:07,428 log 17024 6620 Unauthorized: /org/auth/login/
WARNING 2025-04-25 10:39:07,429 basehttp 17024 6620 "POST /org/auth/login/ HTTP/1.1" 401 172
WARNING 2025-04-25 10:39:07,583 log 17024 7140 Unauthorized: /org/auth/login/
WARNING 2025-04-25 10:39:07,583 basehttp 17024 7140 "POST /org/auth/login/ HTTP/1.1" 401 172
WARNING 2025-04-25 10:39:07,732 log 17024 13728 Unauthorized: /org/auth/login/
WARNING 2025-04-25 10:39:07,733 basehttp 17024 13728 "POST /org/auth/login/ HTTP/1.1" 401 172
WARNING 2025-04-25 10:39:07,899 log 17024 4484 Unauthorized: /org/auth/login/
WARNING 2025-04-25 10:39:07,900 basehttp 17024 4484 "POST /org/auth/login/ HTTP/1.1" 401 172
WARNING 2025-04-25 10:39:08,016 log 17024 17092 Unauthorized: /org/auth/login/
WARNING 2025-04-25 10:39:08,017 basehttp 17024 17092 "POST /org/auth/login/ HTTP/1.1" 401 172
WARNING 2025-04-25 10:39:08,155 log 17024 12656 Unauthorized: /org/auth/login/
WARNING 2025-04-25 10:39:08,156 basehttp 17024 12656 "POST /org/auth/login/ HTTP/1.1" 401 172
WARNING 2025-04-25 10:39:08,330 log 17024 7164 Unauthorized: /org/auth/login/
WARNING 2025-04-25 10:39:08,332 basehttp 17024 7164 "POST /org/auth/login/ HTTP/1.1" 401 172
WARNING 2025-04-25 10:39:08,457 log 17024 15236 Unauthorized: /org/auth/login/
WARNING 2025-04-25 10:39:08,458 basehttp 17024 15236 "POST /org/auth/login/ HTTP/1.1" 401 172
WARNING 2025-04-25 10:39:08,614 log 17024 10244 Unauthorized: /org/auth/login/
WARNING 2025-04-25 10:39:08,616 basehttp 17024 10244 "POST /org/auth/login/ HTTP/1.1" 401 172
INFO 2025-04-25 10:39:34,664 autoreload 17024 11544 C:\Users\roshan.mishra_jadegl\Documents\Project\backend\organization\urls.py changed, reloading.
INFO 2025-04-25 10:39:35,574 autoreload 1028 12912 Watching for file changes with StatReloader
WARNING 2025-04-25 10:43:18,746 log 1028 15056 Unauthorized: /org/auth/login/
WARNING 2025-04-25 10:43:18,747 basehttp 1028 15056 "POST /org/auth/login/ HTTP/1.1" 401 172
WARNING 2025-04-25 10:45:47,883 log 1028 12376 Unsupported Media Type: /org/auth/login/
WARNING 2025-04-25 10:45:47,883 basehttp 1028 12376 "POST /org/auth/login/ HTTP/1.1" 415 62
WARNING 2025-04-25 10:46:06,907 log 1028 3008 Bad Request: /org/auth/login/
WARNING 2025-04-25 10:46:06,908 basehttp 1028 3008 "POST /org/auth/login/ HTTP/1.1" 400 32
INFO 2025-04-25 10:46:13,667 basehttp 1028 5620 "POST /org/auth/login/ HTTP/1.1" 200 483
WARNING 2025-04-25 10:49:02,645 log 1028 10140 Not Found: /org/auth/camp/campaign/
WARNING 2025-04-25 10:49:02,646 basehttp 1028 10140 "POST /org/auth/camp/campaign/ HTTP/1.1" 404 5259
WARNING 2025-04-25 10:49:22,790 log 1028 2472 Bad Request: /org/auth/camp/campaigns/
WARNING 2025-04-25 10:49:22,791 basehttp 1028 2472 "POST /org/auth/camp/campaigns/ HTTP/1.1" 400 44
WARNING 2025-04-25 10:50:09,417 log 1028 11192 Bad Request: /org/auth/camp/campaigns/
WARNING 2025-04-25 10:50:09,418 basehttp 1028 11192 "POST /org/auth/camp/campaigns/ HTTP/1.1" 400 69
WARNING 2025-04-25 10:50:18,617 log 1028 16192 Bad Request: /org/auth/camp/campaigns/
WARNING 2025-04-25 10:50:18,617 basehttp 1028 16192 "POST /org/auth/camp/campaigns/ HTTP/1.1" 400 58
WARNING 2025-04-25 11:08:26,230 log 1028 2724 Unauthorized: /org/auth/camp/campaigns/
WARNING 2025-04-25 11:08:26,232 basehttp 1028 2724 "POST /org/auth/camp/campaigns/ HTTP/1.1" 401 172
INFO 2025-04-25 11:19:07,805 autoreload 1028 12912 C:\Users\roshan.mishra_jadegl\Documents\Project\backend\organization\serializers.py changed, reloading.
INFO 2025-04-25 11:19:09,063 autoreload 4476 11088 Watching for file changes with StatReloader
INFO 2025-04-25 11:19:16,585 autoreload 4476 11088 C:\Users\roshan.mishra_jadegl\Documents\Project\backend\organization\serializers.py changed, reloading.
INFO 2025-04-25 11:19:17,847 autoreload 9924 12536 Watching for file changes with StatReloader
INFO 2025-04-25 11:19:19,729 autoreload 9924 12536 C:\Users\roshan.mishra_jadegl\Documents\Project\backend\organization\views.py changed, reloading.
INFO 2025-04-25 11:19:20,774 autoreload 11920 1016 Watching for file changes with StatReloader
WARNING 2025-04-25 11:21:28,173 log 11920 9808 Bad Request: /org/auth/login/
WARNING 2025-04-25 11:21:28,174 basehttp 11920 9808 "POST /org/auth/login/ HTTP/1.1" 400 32
INFO 2025-04-25 11:21:35,563 basehttp 11920 10952 "POST /org/auth/login/ HTTP/1.1" 200 483
WARNING 2025-04-25 11:22:23,777 log 11920 4484 Unauthorized: /org/auth/camp/campaigns/
WARNING 2025-04-25 11:22:23,777 basehttp 11920 4484 "POST /org/auth/camp/campaigns/ HTTP/1.1" 401 51
WARNING 2025-04-25 11:22:33,631 log 11920 14388 Unauthorized: /org/auth/camp/campaigns/
WARNING 2025-04-25 11:22:33,632 basehttp 11920 14388 "POST /org/auth/camp/campaigns/ HTTP/1.1" 401 51
WARNING 2025-04-25 11:23:12,496 log 11920 12356 Unauthorized: /org/auth/camp/campaigns/
WARNING 2025-04-25 11:23:12,497 basehttp 11920 12356 "POST /org/auth/camp/campaigns/ HTTP/1.1" 401 51
WARNING 2025-04-25 11:25:13,591 log 11920 12920 Unauthorized: /org/auth/login/
WARNING 2025-04-25 11:25:13,592 basehttp 11920 12920 "POST /org/auth/login/ HTTP/1.1" 401 107
WARNING 2025-04-25 11:25:25,807 log 11920 5852 Unauthorized: /org/auth/login/
WARNING 2025-04-25 11:25:25,809 basehttp 11920 5852 "POST /org/auth/login/ HTTP/1.1" 401 107
WARNING 2025-04-25 11:25:52,634 log 11920 12748 Unauthorized: /org/auth/login/
WARNING 2025-04-25 11:25:52,635 basehttp 11920 12748 "POST /org/auth/login/ HTTP/1.1" 401 107
WARNING 2025-04-25 11:26:09,025 log 11920 4252 Bad Request: /org/auth/login/
WARNING 2025-04-25 11:26:09,026 basehttp 11920 4252 "POST /org/auth/login/ HTTP/1.1" 400 32
INFO 2025-04-25 11:26:14,753 basehttp 11920 1756 "POST /org/auth/login/ HTTP/1.1" 200 483
WARNING 2025-04-25 11:27:03,886 log 11920 4320 Unauthorized: /org/auth/camp/campaigns/
WARNING 2025-04-25 11:27:03,887 basehttp 11920 4320 "POST /org/auth/camp/campaigns/ HTTP/1.1" 401 51
INFO 2025-04-25 11:29:23,428 basehttp 11920 12352 "POST /org/auth/login/ HTTP/1.1" 200 483
WARNING 2025-04-25 11:29:50,245 log 11920 4652 Bad Request: /org/auth/login/
WARNING 2025-04-25 11:29:50,246 basehttp 11920 4652 "POST /org/auth/login/ HTTP/1.1" 400 32
WARNING 2025-04-25 11:31:32,522 log 11920 9372 Not Found: /org/auth/campaigns/
WARNING 2025-04-25 11:31:32,523 basehttp 11920 9372 "POST /org/auth/campaigns/ HTTP/1.1" 404 3164
ERROR 2025-04-25 11:31:49,397 log 11920 15188 Internal Server Error: /org/auth/camp/campaigns/
Traceback (most recent call last):
  File "C:\Users\roshan.mishra_jadegl\AppData\Local\Packages\PythonSoftwareFoundation.Python.3.13_qbz5n2kfra8p0\LocalCache\local-packages\Python313\site-packages\django\core\handlers\exception.py", line 55, in inner
    response = get_response(request)
  File "C:\Users\roshan.mishra_jadegl\AppData\Local\Packages\PythonSoftwareFoundation.Python.3.13_qbz5n2kfra8p0\LocalCache\local-packages\Python313\site-packages\django\core\handlers\base.py", line 197, in _get_response
    response = wrapped_callback(request, *callback_args, **callback_kwargs)
  File "C:\Users\roshan.mishra_jadegl\AppData\Local\Packages\PythonSoftwareFoundation.Python.3.13_qbz5n2kfra8p0\LocalCache\local-packages\Python313\site-packages\django\views\decorators\csrf.py", line 65, in _view_wrapper
    return view_func(request, *args, **kwargs)
  File "C:\Users\roshan.mishra_jadegl\AppData\Local\Packages\PythonSoftwareFoundation.Python.3.13_qbz5n2kfra8p0\LocalCache\local-packages\Python313\site-packages\rest_framework\viewsets.py", line 125, in view
    return self.dispatch(request, *args, **kwargs)
           ~~~~~~~~~~~~~^^^^^^^^^^^^^^^^^^^^^^^^^^
  File "C:\Users\roshan.mishra_jadegl\AppData\Local\Packages\PythonSoftwareFoundation.Python.3.13_qbz5n2kfra8p0\LocalCache\local-packages\Python313\site-packages\rest_framework\views.py", line 515, in dispatch
    response = self.handle_exception(exc)
  File "C:\Users\roshan.mishra_jadegl\AppData\Local\Packages\PythonSoftwareFoundation.Python.3.13_qbz5n2kfra8p0\LocalCache\local-packages\Python313\site-packages\rest_framework\views.py", line 475, in handle_exception
    self.raise_uncaught_exception(exc)
    ~~~~~~~~~~~~~~~~~~~~~~~~~~~~~^^^^^
  File "C:\Users\roshan.mishra_jadegl\AppData\Local\Packages\PythonSoftwareFoundation.Python.3.13_qbz5n2kfra8p0\LocalCache\local-packages\Python313\site-packages\rest_framework\views.py", line 486, in raise_uncaught_exception
    raise exc
  File "C:\Users\roshan.mishra_jadegl\AppData\Local\Packages\PythonSoftwareFoundation.Python.3.13_qbz5n2kfra8p0\LocalCache\local-packages\Python313\site-packages\rest_framework\views.py", line 512, in dispatch
    response = handler(request, *args, **kwargs)
  File "C:\Users\roshan.mishra_jadegl\AppData\Local\Packages\PythonSoftwareFoundation.Python.3.13_qbz5n2kfra8p0\LocalCache\local-packages\Python313\site-packages\rest_framework\mixins.py", line 18, in create
    serializer.is_valid(raise_exception=True)
    ~~~~~~~~~~~~~~~~~~~^^^^^^^^^^^^^^^^^^^^^^
  File "C:\Users\roshan.mishra_jadegl\AppData\Local\Packages\PythonSoftwareFoundation.Python.3.13_qbz5n2kfra8p0\LocalCache\local-packages\Python313\site-packages\rest_framework\serializers.py", line 225, in is_valid
    self._validated_data = self.run_validation(self.initial_data)
                           ~~~~~~~~~~~~~~~~~~~^^^^^^^^^^^^^^^^^^^
  File "C:\Users\roshan.mishra_jadegl\AppData\Local\Packages\PythonSoftwareFoundation.Python.3.13_qbz5n2kfra8p0\LocalCache\local-packages\Python313\site-packages\rest_framework\serializers.py", line 444, in run_validation
    value = self.to_internal_value(data)
  File "C:\Users\roshan.mishra_jadegl\AppData\Local\Packages\PythonSoftwareFoundation.Python.3.13_qbz5n2kfra8p0\LocalCache\local-packages\Python313\site-packages\rest_framework\serializers.py", line 497, in to_internal_value
    for field in fields:
                 ^^^^^^
  File "C:\Users\roshan.mishra_jadegl\AppData\Local\Packages\PythonSoftwareFoundation.Python.3.13_qbz5n2kfra8p0\LocalCache\local-packages\Python313\site-packages\rest_framework\serializers.py", line 380, in _writable_fields
    for field in self.fields.values():
                 ^^^^^^^^^^^
  File "C:\Users\roshan.mishra_jadegl\AppData\Local\Packages\PythonSoftwareFoundation.Python.3.13_qbz5n2kfra8p0\LocalCache\local-packages\Python313\site-packages\django\utils\functional.py", line 47, in __get__
    res = instance.__dict__[self.name] = self.func(instance)
                                         ~~~~~~~~~^^^^^^^^^^
  File "C:\Users\roshan.mishra_jadegl\AppData\Local\Packages\PythonSoftwareFoundation.Python.3.13_qbz5n2kfra8p0\LocalCache\local-packages\Python313\site-packages\rest_framework\serializers.py", line 374, in fields
    for key, value in self.get_fields().items():
                      ~~~~~~~~~~~~~~~^^
  File "C:\Users\roshan.mishra_jadegl\AppData\Local\Packages\PythonSoftwareFoundation.Python.3.13_qbz5n2kfra8p0\LocalCache\local-packages\Python313\site-packages\rest_framework\serializers.py", line 1081, in get_fields
    field_names = self.get_field_names(declared_fields, info)
  File "C:\Users\roshan.mishra_jadegl\AppData\Local\Packages\PythonSoftwareFoundation.Python.3.13_qbz5n2kfra8p0\LocalCache\local-packages\Python313\site-packages\rest_framework\serializers.py", line 1177, in get_field_names
    assert field_name in fields, (
           ^^^^^^^^^^^^^^^^^^^^
AssertionError: The field 'organization_email' was declared on serializer CampaignSerializer, but has not been included in the 'fields' option.
ERROR 2025-04-25 11:31:49,416 basehttp 11920 15188 "POST /org/auth/camp/campaigns/ HTTP/1.1" 500 139050
INFO 2025-04-25 11:35:29,852 autoreload 11920 1016 C:\Users\roshan.mishra_jadegl\Documents\Project\backend\organization\serializers.py changed, reloading.
INFO 2025-04-25 11:35:30,949 autoreload 3408 7960 Watching for file changes with StatReloader
WARNING 2025-04-25 11:35:38,368 log 3408 11656 Unauthorized: /org/auth/camp/campaigns/
WARNING 2025-04-25 11:35:38,371 basehttp 3408 11656 "POST /org/auth/camp/campaigns/ HTTP/1.1" 401 172
INFO 2025-04-25 11:36:43,729 basehttp 3408 6540 "POST /org/auth/login/ HTTP/1.1" 200 483
WARNING 2025-04-25 11:37:23,178 log 3408 12596 Not Found: /org/auth//camp/campaigns/
WARNING 2025-04-25 11:37:23,179 basehttp 3408 12596 "POST /org/auth//camp/campaigns/ HTTP/1.1" 404 3182
WARNING 2025-04-25 11:37:33,567 log 3408 13008 Bad Request: /org/auth/camp/campaigns/
WARNING 2025-04-25 11:37:33,568 basehttp 3408 13008 "POST /org/auth/camp/campaigns/ HTTP/1.1" 400 44
INFO 2025-04-25 11:38:19,145 autoreload 3408 7960 C:\Users\roshan.mishra_jadegl\Documents\Project\backend\organization\views.py changed, reloading.
INFO 2025-04-25 11:38:20,199 autoreload 15696 13024 Watching for file changes with StatReloader
INFO 2025-04-25 11:38:54,103 autoreload 15696 13024 C:\Users\roshan.mishra_jadegl\Documents\Project\backend\organization\views.py changed, reloading.
INFO 2025-04-25 11:38:55,042 autoreload 4852 2096 Watching for file changes with StatReloader
WARNING 2025-04-25 11:38:59,011 log 4852 15396 Bad Request: /org/auth/camp/campaigns/
WARNING 2025-04-25 11:38:59,012 basehttp 4852 15396 "POST /org/auth/camp/campaigns/ HTTP/1.1" 400 44
WARNING 2025-04-25 11:40:00,389 log 4852 4276 Bad Request: /org/auth/camp/campaigns/
WARNING 2025-04-25 11:40:00,390 basehttp 4852 4276 "POST /org/auth/camp/campaigns/ HTTP/1.1" 400 44
WARNING 2025-04-25 11:43:40,913 log 4852 3784 Unauthorized: /org/auth/login/
WARNING 2025-04-25 11:43:40,914 basehttp 4852 3784 "POST /org/auth/login/ HTTP/1.1" 401 107
INFO 2025-04-25 11:43:54,195 basehttp 4852 8824 "POST /org/auth/login/ HTTP/1.1" 200 483
WARNING 2025-04-25 11:44:23,185 log 4852 13936 Bad Request: /org/auth/login/
WARNING 2025-04-25 11:44:23,186 basehttp 4852 13936 "POST /org/auth/login/ HTTP/1.1" 400 32
WARNING 2025-04-25 11:44:42,036 log 4852 3452 Bad Request: /org/auth/camp/campaigns/
WARNING 2025-04-25 11:44:42,037 basehttp 4852 3452 "POST /org/auth/camp/campaigns/ HTTP/1.1" 400 44
INFO 2025-04-25 11:51:36,451 autoreload 9276 11140 Watching for file changes with StatReloader
WARNING 2025-04-25 11:51:48,492 log 9276 10268 Unauthorized: /org/auth/camp/campaigns/
WARNING 2025-04-25 11:51:48,493 basehttp 9276 10268 "POST /org/auth/camp/campaigns/ HTTP/1.1" 401 172
INFO 2025-04-25 11:54:04,088 basehttp 9276 3628 "POST /org/auth/login/ HTTP/1.1" 200 483
INFO 2025-04-25 11:55:17,569 basehttp 9276 17044 "GET /org/auth/camp/campaigns/ HTTP/1.1" 200 2
WARNING 2025-04-25 11:56:23,472 log 9276 4124 Bad Request: /org/auth/camp/campaigns/
WARNING 2025-04-25 11:56:23,473 basehttp 9276 4124 "POST /org/auth/camp/campaigns/ HTTP/1.1" 400 58
INFO 2025-04-25 11:56:32,481 basehttp 9276 2460 "GET /org/auth/camp/campaigns/ HTTP/1.1" 200 2
WARNING 2025-04-25 11:56:45,125 log 9276 6196 Bad Request: /org/auth/camp/campaigns/
WARNING 2025-04-25 11:56:45,127 basehttp 9276 6196 "POST /org/auth/camp/campaigns/ HTTP/1.1" 400 58
INFO 2025-04-25 11:57:35,834 autoreload 9276 11140 C:\Users\roshan.mishra_jadegl\Documents\Project\backend\organization\views.py changed, reloading.
INFO 2025-04-25 11:57:36,912 autoreload 10756 5044 Watching for file changes with StatReloader
INFO 2025-04-25 11:57:40,886 basehttp 10756 8268 "POST /org/auth/camp/campaigns/ HTTP/1.1" 201 322
INFO 2025-04-25 12:06:24,798 autoreload 10756 5044 C:\Users\roshan.mishra_jadegl\Documents\Project\backend\organization\views.py changed, reloading.
INFO 2025-04-25 12:06:25,778 autoreload 11520 1148 Watching for file changes with StatReloader
WARNING 2025-04-25 12:06:30,771 log 11520 6240 Unauthorized: /org/auth/camp/campaigns/
WARNING 2025-04-25 12:06:30,772 basehttp 11520 6240 "GET /org/auth/camp/campaigns/ HTTP/1.1" 401 172
INFO 2025-04-25 12:24:05,391 basehttp 11520 11080 "POST /org/auth/login/ HTTP/1.1" 200 483
INFO 2025-04-25 12:24:55,477 basehttp 11520 14600 "GET /org/auth/camp/campaigns/ HTTP/1.1" 200 324
INFO 2025-04-25 12:27:06,102 basehttp 11520 8204 "GET /org/auth/camp/campaigns/ HTTP/1.1" 200 324
INFO 2025-04-25 12:27:06,865 basehttp 11520 132 "GET /org/auth/camp/campaigns/ HTTP/1.1" 200 324
WARNING 2025-04-25 12:30:42,712 log 11520 10108 Unauthorized: /org/auth/camp/campaigns/
WARNING 2025-04-25 12:30:42,713 basehttp 11520 10108 "POST /org/auth/camp/campaigns/ HTTP/1.1" 401 172
INFO 2025-04-25 12:31:26,638 basehttp 11520 4652 "POST /org/auth/login/ HTTP/1.1" 200 483
WARNING 2025-04-25 12:31:43,480 log 11520 10792 Bad Request: /org/auth/camp/campaigns/
WARNING 2025-04-25 12:31:43,481 basehttp 11520 10792 "POST /org/auth/camp/campaigns/ HTTP/1.1" 400 58
WARNING 2025-04-25 12:31:45,627 log 11520 10528 Bad Request: /org/auth/camp/campaigns/
WARNING 2025-04-25 12:31:45,628 basehttp 11520 10528 "POST /org/auth/camp/campaigns/ HTTP/1.1" 400 58
INFO 2025-04-25 12:32:07,041 autoreload 11520 1148 C:\Users\roshan.mishra_jadegl\Documents\Project\backend\organization\views.py changed, reloading.
INFO 2025-04-25 12:32:08,296 autoreload 3268 12548 Watching for file changes with StatReloader
INFO 2025-04-25 12:32:14,316 basehttp 3268 12360 "POST /org/auth/login/ HTTP/1.1" 200 483
INFO 2025-04-25 12:32:28,783 basehttp 3268 14240 "POST /org/auth/camp/campaigns/ HTTP/1.1" 201 281
INFO 2025-04-25 12:32:44,586 basehttp 3268 3808 "POST /org/auth/camp/campaigns/ HTTP/1.1" 201 290
INFO 2025-04-25 12:33:09,767 basehttp 3268 14788 "POST /org/auth/camp/campaigns/ HTTP/1.1" 201 300
INFO 2025-04-25 12:33:19,841 basehttp 3268 11988 "POST /org/auth/camp/campaigns/ HTTP/1.1" 201 277
INFO 2025-04-25 12:33:30,190 basehttp 3268 9544 "GET /org/auth/camp/campaigns/ HTTP/1.1" 200 1476
INFO 2025-04-25 12:34:14,922 autoreload 3268 12548 C:\Users\roshan.mishra_jadegl\Documents\Project\backend\organization\views.py changed, reloading.
INFO 2025-04-25 12:34:15,928 autoreload 6684 8400 Watching for file changes with StatReloader
INFO 2025-04-25 15:46:48,201 autoreload 20844 7948 Watching for file changes with StatReloader
INFO 2025-04-25 15:50:24,253 basehttp 20844 20412 "POST /org/auth/register/ HTTP/1.1" 201 50
INFO 2025-04-25 15:50:39,679 basehttp 20844 20412 "OPTIONS /org/auth/login/ HTTP/1.1" 200 0
INFO 2025-04-25 15:50:41,053 basehttp 20844 20412 "POST /org/auth/login/ HTTP/1.1" 200 486
INFO 2025-04-25 15:51:46,355 basehttp 20844 20412 "POST /org/auth/login/ HTTP/1.1" 200 486
